<?xml version="1.0" encoding="UTF-8"?>
<testsuite xmlns:xsi="http://www.w3.org/2001/XMLSchema-instance" xsi:noNamespaceSchemaLocation="https://maven.apache.org/surefire/maven-surefire-plugin/xsd/surefire-test-report-3.0.xsd" version="3.0" name="ParametrizLionTest" time="0.028" tests="2" errors="0" skipped="0" failures="0">
  <properties>
[...]
</properties>
  <testcase name="LionSexTest[0]" classname="ParametrizLionTest" time="0.001"/>
  <testcase name="LionSexTest[1]" classname="ParametrizLionTest" time="0"/>
</testsuite>